<?xml version="1.0" encoding="UTF-8"?>
<!-- Generated by org.testng.reporters.JUnitReportReporter -->
<testsuite hostname="DESKTOP-HB5T66P" failures="0" tests="1" name="testcases.Addpackage" time="11.334" errors="0" timestamp="2023-06-20T09:59:37 IST" skipped="0">
  <testcase classname="testcases.Addpackage" name="Test1" time="11.334"/>
</testsuite> <!-- testcases.Addpackage -->
